Canvas: Looking for settings file at: C:/Users/YonatanSetbon/AppData/Roaming/python\user_settings.txt
Canvas: Reading settings from user_settings.txt
Canvas: Loaded shadow color from settings: 42,42,42,250
Canvas: Looking for default strand color settings at: C:/Users/YonatanSetbon/AppData/Roaming/python\user_settings.txt
Canvas: Reading default strand color from user_settings.txt
Canvas: Loaded default strand color from settings: 134,97,230,255
Canvas: Looking for default stroke color settings at: C:/Users/YonatanSetbon/AppData/Roaming/python\user_settings.txt
Canvas: Reading default stroke color from user_settings.txt
Canvas: Loaded default stroke color from settings: 0,0,0,255
Canvas: Loaded NumSteps from settings: 3
Canvas: Loaded MaxBlurRadius from settings: 30.0
Canvas: Using existing set_number=1 from strand
Canvas: Using existing layer_name=1_1
Canvas: Calling layer_panel.on_strand_created for strand 1_1
Canvas: Using existing set_number=1 from strand
Canvas: Using existing layer_name=1_2
Canvas: Calling layer_panel.on_strand_created for strand 1_2
Canvas: Using existing set_number=1 from strand
Canvas: Using existing layer_name=1_3
Canvas: Calling layer_panel.on_strand_created for strand 1_3
