2025-11-01T09:34:32.457608 - Selection rectangle debug logging started
2025-11-01T09:34:42.188856 - MOVE_MODE - start_movement strand=1_2 id=0x15b523fc290 side=control_point1 is_moving_control_point=True is_moving_strand_point=False draw_only_affected=False
2025-11-01T09:34:42.203809 - draw_control_points loop strand=1_1 moving_control_point=True moving_strand_point=False draw_only_setting_on=False should_skip=True is_affected=False moving_side=control_point1
2025-11-01T09:34:42.204805 - Skipping control point draw for strand=1_1 because should_skip=True
2025-11-01T09:34:42.204805 - draw_control_points loop strand=1_2 moving_control_point=True moving_strand_point=False draw_only_setting_on=False should_skip=False is_affected=True moving_side=control_point1
2025-11-01T09:34:42.205909 - Drawing normal control points for strand=1_2 (draw_only_setting_on=False)
2025-11-01T09:34:42.219894 - draw_control_points loop strand=1_1 moving_control_point=True moving_strand_point=False draw_only_setting_on=False should_skip=True is_affected=False moving_side=control_point1
2025-11-01T09:34:42.220900 - Skipping control point draw for strand=1_1 because should_skip=True
2025-11-01T09:34:42.220900 - draw_control_points loop strand=1_2 moving_control_point=True moving_strand_point=False draw_only_setting_on=False should_skip=False is_affected=True moving_side=control_point1
2025-11-01T09:34:42.221911 - Drawing normal control points for strand=1_2 (draw_only_setting_on=False)
2025-11-01T09:34:42.236465 - draw_control_points loop strand=1_1 moving_control_point=True moving_strand_point=False draw_only_setting_on=False should_skip=True is_affected=False moving_side=control_point1
2025-11-01T09:34:42.236465 - Skipping control point draw for strand=1_1 because should_skip=True
2025-11-01T09:34:42.237716 - draw_control_points loop strand=1_2 moving_control_point=True moving_strand_point=False draw_only_setting_on=False should_skip=False is_affected=True moving_side=control_point1
2025-11-01T09:34:42.237716 - Drawing normal control points for strand=1_2 (draw_only_setting_on=False)
2025-11-01T09:34:42.252502 - draw_control_points loop strand=1_1 moving_control_point=True moving_strand_point=False draw_only_setting_on=False should_skip=True is_affected=False moving_side=control_point1
2025-11-01T09:34:42.252502 - Skipping control point draw for strand=1_1 because should_skip=True
2025-11-01T09:34:42.253812 - draw_control_points loop strand=1_2 moving_control_point=True moving_strand_point=False draw_only_setting_on=False should_skip=False is_affected=True moving_side=control_point1
2025-11-01T09:34:42.253812 - Drawing normal control points for strand=1_2 (draw_only_setting_on=False)
2025-11-01T09:34:42.269761 - draw_control_points loop strand=1_1 moving_control_point=True moving_strand_point=False draw_only_setting_on=False should_skip=True is_affected=False moving_side=control_point1
2025-11-01T09:34:42.269761 - Skipping control point draw for strand=1_1 because should_skip=True
2025-11-01T09:34:42.270762 - draw_control_points loop strand=1_2 moving_control_point=True moving_strand_point=False draw_only_setting_on=False should_skip=False is_affected=True moving_side=control_point1
2025-11-01T09:34:42.270762 - Drawing normal control points for strand=1_2 (draw_only_setting_on=False)
2025-11-01T09:34:42.283718 - draw_control_points loop strand=1_1 moving_control_point=True moving_strand_point=False draw_only_setting_on=False should_skip=True is_affected=False moving_side=control_point1
2025-11-01T09:34:42.283718 - Skipping control point draw for strand=1_1 because should_skip=True
2025-11-01T09:34:42.283718 - draw_control_points loop strand=1_2 moving_control_point=True moving_strand_point=False draw_only_setting_on=False should_skip=False is_affected=True moving_side=control_point1
2025-11-01T09:34:42.283718 - Drawing normal control points for strand=1_2 (draw_only_setting_on=False)
2025-11-01T09:34:42.295441 - draw_control_points loop strand=1_1 moving_control_point=True moving_strand_point=False draw_only_setting_on=False should_skip=True is_affected=False moving_side=control_point1
2025-11-01T09:34:42.296444 - Skipping control point draw for strand=1_1 because should_skip=True
2025-11-01T09:34:42.296444 - draw_control_points loop strand=1_2 moving_control_point=True moving_strand_point=False draw_only_setting_on=False should_skip=False is_affected=True moving_side=control_point1
2025-11-01T09:34:42.296444 - Drawing normal control points for strand=1_2 (draw_only_setting_on=False)
2025-11-01T09:34:42.313347 - draw_control_points loop strand=1_1 moving_control_point=True moving_strand_point=False draw_only_setting_on=False should_skip=True is_affected=False moving_side=control_point1
2025-11-01T09:34:42.314803 - Skipping control point draw for strand=1_1 because should_skip=True
2025-11-01T09:34:42.314803 - draw_control_points loop strand=1_2 moving_control_point=True moving_strand_point=False draw_only_setting_on=False should_skip=False is_affected=True moving_side=control_point1
2025-11-01T09:34:42.314803 - Drawing normal control points for strand=1_2 (draw_only_setting_on=False)
2025-11-01T09:34:42.328066 - draw_control_points loop strand=1_1 moving_control_point=True moving_strand_point=False draw_only_setting_on=False should_skip=True is_affected=False moving_side=control_point1
2025-11-01T09:34:42.328066 - Skipping control point draw for strand=1_1 because should_skip=True
2025-11-01T09:34:42.329062 - draw_control_points loop strand=1_2 moving_control_point=True moving_strand_point=False draw_only_setting_on=False should_skip=False is_affected=True moving_side=control_point1
2025-11-01T09:34:42.329062 - Drawing normal control points for strand=1_2 (draw_only_setting_on=False)
2025-11-01T09:34:42.343968 - draw_control_points loop strand=1_1 moving_control_point=True moving_strand_point=False draw_only_setting_on=False should_skip=True is_affected=False moving_side=control_point1
2025-11-01T09:34:42.344480 - Skipping control point draw for strand=1_1 because should_skip=True
2025-11-01T09:34:42.344480 - draw_control_points loop strand=1_2 moving_control_point=True moving_strand_point=False draw_only_setting_on=False should_skip=False is_affected=True moving_side=control_point1
2025-11-01T09:34:42.344480 - Drawing normal control points for strand=1_2 (draw_only_setting_on=False)
2025-11-01T09:34:42.359594 - draw_control_points loop strand=1_1 moving_control_point=True moving_strand_point=False draw_only_setting_on=False should_skip=True is_affected=False moving_side=control_point1
2025-11-01T09:34:42.359594 - Skipping control point draw for strand=1_1 because should_skip=True
2025-11-01T09:34:42.360106 - draw_control_points loop strand=1_2 moving_control_point=True moving_strand_point=False draw_only_setting_on=False should_skip=False is_affected=True moving_side=control_point1
2025-11-01T09:34:42.360106 - Drawing normal control points for strand=1_2 (draw_only_setting_on=False)
2025-11-01T09:34:42.373760 - draw_control_points loop strand=1_1 moving_control_point=True moving_strand_point=False draw_only_setting_on=False should_skip=True is_affected=False moving_side=control_point1
2025-11-01T09:34:42.373760 - Skipping control point draw for strand=1_1 because should_skip=True
2025-11-01T09:34:42.375120 - draw_control_points loop strand=1_2 moving_control_point=True moving_strand_point=False draw_only_setting_on=False should_skip=False is_affected=True moving_side=control_point1
2025-11-01T09:34:42.375120 - Drawing normal control points for strand=1_2 (draw_only_setting_on=False)
2025-11-01T09:34:42.388274 - draw_control_points loop strand=1_1 moving_control_point=True moving_strand_point=False draw_only_setting_on=False should_skip=True is_affected=False moving_side=control_point1
2025-11-01T09:34:42.388274 - Skipping control point draw for strand=1_1 because should_skip=True
2025-11-01T09:34:42.388274 - draw_control_points loop strand=1_2 moving_control_point=True moving_strand_point=False draw_only_setting_on=False should_skip=False is_affected=True moving_side=control_point1
2025-11-01T09:34:42.388274 - Drawing normal control points for strand=1_2 (draw_only_setting_on=False)
2025-11-01T09:34:42.401670 - draw_control_points loop strand=1_1 moving_control_point=True moving_strand_point=False draw_only_setting_on=False should_skip=True is_affected=False moving_side=control_point1
2025-11-01T09:34:42.401670 - Skipping control point draw for strand=1_1 because should_skip=True
2025-11-01T09:34:42.401670 - draw_control_points loop strand=1_2 moving_control_point=True moving_strand_point=False draw_only_setting_on=False should_skip=False is_affected=True moving_side=control_point1
2025-11-01T09:34:42.402824 - Drawing normal control points for strand=1_2 (draw_only_setting_on=False)
2025-11-01T09:34:42.414522 - draw_control_points loop strand=1_1 moving_control_point=True moving_strand_point=False draw_only_setting_on=False should_skip=True is_affected=False moving_side=control_point1
2025-11-01T09:34:42.414522 - Skipping control point draw for strand=1_1 because should_skip=True
2025-11-01T09:34:42.414522 - draw_control_points loop strand=1_2 moving_control_point=True moving_strand_point=False draw_only_setting_on=False should_skip=False is_affected=True moving_side=control_point1
2025-11-01T09:34:42.415920 - Drawing normal control points for strand=1_2 (draw_only_setting_on=False)
2025-11-01T09:34:42.427028 - draw_control_points loop strand=1_1 moving_control_point=True moving_strand_point=False draw_only_setting_on=False should_skip=True is_affected=False moving_side=control_point1
2025-11-01T09:34:42.427028 - Skipping control point draw for strand=1_1 because should_skip=True
2025-11-01T09:34:42.428036 - draw_control_points loop strand=1_2 moving_control_point=True moving_strand_point=False draw_only_setting_on=False should_skip=False is_affected=True moving_side=control_point1
2025-11-01T09:34:42.428036 - Drawing normal control points for strand=1_2 (draw_only_setting_on=False)
2025-11-01T09:34:42.442223 - draw_control_points loop strand=1_1 moving_control_point=True moving_strand_point=False draw_only_setting_on=False should_skip=True is_affected=False moving_side=control_point1
2025-11-01T09:34:42.442223 - Skipping control point draw for strand=1_1 because should_skip=True
2025-11-01T09:34:42.442223 - draw_control_points loop strand=1_2 moving_control_point=True moving_strand_point=False draw_only_setting_on=False should_skip=False is_affected=True moving_side=control_point1
2025-11-01T09:34:42.442223 - Drawing normal control points for strand=1_2 (draw_only_setting_on=False)
2025-11-01T09:34:42.455412 - draw_control_points loop strand=1_1 moving_control_point=True moving_strand_point=False draw_only_setting_on=False should_skip=True is_affected=False moving_side=control_point1
2025-11-01T09:34:42.455412 - Skipping control point draw for strand=1_1 because should_skip=True
2025-11-01T09:34:42.455412 - draw_control_points loop strand=1_2 moving_control_point=True moving_strand_point=False draw_only_setting_on=False should_skip=False is_affected=True moving_side=control_point1
2025-11-01T09:34:42.456828 - Drawing normal control points for strand=1_2 (draw_only_setting_on=False)
2025-11-01T09:34:42.468828 - draw_control_points loop strand=1_1 moving_control_point=True moving_strand_point=False draw_only_setting_on=False should_skip=True is_affected=False moving_side=control_point1
2025-11-01T09:34:42.468828 - Skipping control point draw for strand=1_1 because should_skip=True
2025-11-01T09:34:42.470309 - draw_control_points loop strand=1_2 moving_control_point=True moving_strand_point=False draw_only_setting_on=False should_skip=False is_affected=True moving_side=control_point1
2025-11-01T09:34:42.470309 - Drawing normal control points for strand=1_2 (draw_only_setting_on=False)
2025-11-01T09:34:42.483358 - draw_control_points loop strand=1_1 moving_control_point=True moving_strand_point=False draw_only_setting_on=False should_skip=True is_affected=False moving_side=control_point1
2025-11-01T09:34:42.483358 - Skipping control point draw for strand=1_1 because should_skip=True
2025-11-01T09:34:42.484369 - draw_control_points loop strand=1_2 moving_control_point=True moving_strand_point=False draw_only_setting_on=False should_skip=False is_affected=True moving_side=control_point1
2025-11-01T09:34:42.484369 - Drawing normal control points for strand=1_2 (draw_only_setting_on=False)
2025-11-01T09:34:42.496101 - draw_control_points loop strand=1_1 moving_control_point=True moving_strand_point=False draw_only_setting_on=False should_skip=True is_affected=False moving_side=control_point1
2025-11-01T09:34:42.496101 - Skipping control point draw for strand=1_1 because should_skip=True
2025-11-01T09:34:42.496101 - draw_control_points loop strand=1_2 moving_control_point=True moving_strand_point=False draw_only_setting_on=False should_skip=False is_affected=True moving_side=control_point1
2025-11-01T09:34:42.497490 - Drawing normal control points for strand=1_2 (draw_only_setting_on=False)
2025-11-01T09:34:42.507999 - draw_control_points loop strand=1_1 moving_control_point=True moving_strand_point=False draw_only_setting_on=False should_skip=True is_affected=False moving_side=control_point1
2025-11-01T09:34:42.509031 - Skipping control point draw for strand=1_1 because should_skip=True
2025-11-01T09:34:42.509031 - draw_control_points loop strand=1_2 moving_control_point=True moving_strand_point=False draw_only_setting_on=False should_skip=False is_affected=True moving_side=control_point1
2025-11-01T09:34:42.509031 - Drawing normal control points for strand=1_2 (draw_only_setting_on=False)
2025-11-01T09:34:42.521691 - draw_control_points loop strand=1_1 moving_control_point=True moving_strand_point=False draw_only_setting_on=False should_skip=True is_affected=False moving_side=control_point1
2025-11-01T09:34:42.522929 - Skipping control point draw for strand=1_1 because should_skip=True
2025-11-01T09:34:42.522929 - draw_control_points loop strand=1_2 moving_control_point=True moving_strand_point=False draw_only_setting_on=False should_skip=False is_affected=True moving_side=control_point1
2025-11-01T09:34:42.522929 - Drawing normal control points for strand=1_2 (draw_only_setting_on=False)
2025-11-01T09:34:42.535332 - draw_control_points loop strand=1_1 moving_control_point=True moving_strand_point=False draw_only_setting_on=False should_skip=True is_affected=False moving_side=control_point1
2025-11-01T09:34:42.536357 - Skipping control point draw for strand=1_1 because should_skip=True
2025-11-01T09:34:42.536357 - draw_control_points loop strand=1_2 moving_control_point=True moving_strand_point=False draw_only_setting_on=False should_skip=False is_affected=True moving_side=control_point1
2025-11-01T09:34:42.536357 - Drawing normal control points for strand=1_2 (draw_only_setting_on=False)
2025-11-01T09:34:42.554073 - draw_control_points loop strand=1_1 moving_control_point=True moving_strand_point=False draw_only_setting_on=False should_skip=True is_affected=False moving_side=control_point1
2025-11-01T09:34:42.555077 - Skipping control point draw for strand=1_1 because should_skip=True
2025-11-01T09:34:42.555077 - draw_control_points loop strand=1_2 moving_control_point=True moving_strand_point=False draw_only_setting_on=False should_skip=False is_affected=True moving_side=control_point1
2025-11-01T09:34:42.555077 - Drawing normal control points for strand=1_2 (draw_only_setting_on=False)
2025-11-01T09:34:42.570306 - draw_control_points loop strand=1_1 moving_control_point=True moving_strand_point=False draw_only_setting_on=False should_skip=True is_affected=False moving_side=control_point1
2025-11-01T09:34:42.570306 - Skipping control point draw for strand=1_1 because should_skip=True
2025-11-01T09:34:42.570306 - draw_control_points loop strand=1_2 moving_control_point=True moving_strand_point=False draw_only_setting_on=False should_skip=False is_affected=True moving_side=control_point1
2025-11-01T09:34:42.571341 - Drawing normal control points for strand=1_2 (draw_only_setting_on=False)
2025-11-01T09:34:42.585905 - draw_control_points loop strand=1_1 moving_control_point=True moving_strand_point=False draw_only_setting_on=False should_skip=True is_affected=False moving_side=control_point1
2025-11-01T09:34:42.585905 - Skipping control point draw for strand=1_1 because should_skip=True
2025-11-01T09:34:42.586931 - draw_control_points loop strand=1_2 moving_control_point=True moving_strand_point=False draw_only_setting_on=False should_skip=False is_affected=True moving_side=control_point1
2025-11-01T09:34:42.586931 - Drawing normal control points for strand=1_2 (draw_only_setting_on=False)
2025-11-01T09:34:42.601100 - draw_control_points loop strand=1_1 moving_control_point=True moving_strand_point=False draw_only_setting_on=False should_skip=True is_affected=False moving_side=control_point1
2025-11-01T09:34:42.602181 - Skipping control point draw for strand=1_1 because should_skip=True
2025-11-01T09:34:42.602181 - draw_control_points loop strand=1_2 moving_control_point=True moving_strand_point=False draw_only_setting_on=False should_skip=False is_affected=True moving_side=control_point1
2025-11-01T09:34:42.602181 - Drawing normal control points for strand=1_2 (draw_only_setting_on=False)
2025-11-01T09:34:42.618627 - draw_control_points loop strand=1_1 moving_control_point=True moving_strand_point=False draw_only_setting_on=False should_skip=True is_affected=False moving_side=control_point1
2025-11-01T09:34:42.618627 - Skipping control point draw for strand=1_1 because should_skip=True
2025-11-01T09:34:42.618627 - draw_control_points loop strand=1_2 moving_control_point=True moving_strand_point=False draw_only_setting_on=False should_skip=False is_affected=True moving_side=control_point1
2025-11-01T09:34:42.619868 - Drawing normal control points for strand=1_2 (draw_only_setting_on=False)
2025-11-01T09:34:42.632313 - draw_control_points loop strand=1_1 moving_control_point=True moving_strand_point=False draw_only_setting_on=False should_skip=True is_affected=False moving_side=control_point1
2025-11-01T09:34:42.633629 - Skipping control point draw for strand=1_1 because should_skip=True
2025-11-01T09:34:42.633629 - draw_control_points loop strand=1_2 moving_control_point=True moving_strand_point=False draw_only_setting_on=False should_skip=False is_affected=True moving_side=control_point1
2025-11-01T09:34:42.634848 - Drawing normal control points for strand=1_2 (draw_only_setting_on=False)
2025-11-01T09:34:42.650893 - draw_control_points loop strand=1_1 moving_control_point=True moving_strand_point=False draw_only_setting_on=False should_skip=True is_affected=False moving_side=control_point1
2025-11-01T09:34:42.651890 - Skipping control point draw for strand=1_1 because should_skip=True
2025-11-01T09:34:42.651890 - draw_control_points loop strand=1_2 moving_control_point=True moving_strand_point=False draw_only_setting_on=False should_skip=False is_affected=True moving_side=control_point1
2025-11-01T09:34:42.651890 - Drawing normal control points for strand=1_2 (draw_only_setting_on=False)
2025-11-01T09:34:42.667448 - draw_control_points loop strand=1_1 moving_control_point=True moving_strand_point=False draw_only_setting_on=False should_skip=True is_affected=False moving_side=control_point1
2025-11-01T09:34:42.668729 - Skipping control point draw for strand=1_1 because should_skip=True
2025-11-01T09:34:42.668729 - draw_control_points loop strand=1_2 moving_control_point=True moving_strand_point=False draw_only_setting_on=False should_skip=False is_affected=True moving_side=control_point1
2025-11-01T09:34:42.668729 - Drawing normal control points for strand=1_2 (draw_only_setting_on=False)
2025-11-01T09:34:42.681376 - draw_control_points loop strand=1_1 moving_control_point=True moving_strand_point=False draw_only_setting_on=False should_skip=True is_affected=False moving_side=control_point1
2025-11-01T09:34:42.682491 - Skipping control point draw for strand=1_1 because should_skip=True
2025-11-01T09:34:42.682491 - draw_control_points loop strand=1_2 moving_control_point=True moving_strand_point=False draw_only_setting_on=False should_skip=False is_affected=True moving_side=control_point1
2025-11-01T09:34:42.682491 - Drawing normal control points for strand=1_2 (draw_only_setting_on=False)
2025-11-01T09:34:42.696860 - draw_control_points loop strand=1_1 moving_control_point=True moving_strand_point=False draw_only_setting_on=False should_skip=True is_affected=False moving_side=control_point1
2025-11-01T09:34:42.697889 - Skipping control point draw for strand=1_1 because should_skip=True
2025-11-01T09:34:42.697889 - draw_control_points loop strand=1_2 moving_control_point=True moving_strand_point=False draw_only_setting_on=False should_skip=False is_affected=True moving_side=control_point1
2025-11-01T09:34:42.697889 - Drawing normal control points for strand=1_2 (draw_only_setting_on=False)
2025-11-01T09:34:42.713228 - draw_control_points loop strand=1_1 moving_control_point=True moving_strand_point=False draw_only_setting_on=False should_skip=True is_affected=False moving_side=control_point1
2025-11-01T09:34:42.714588 - Skipping control point draw for strand=1_1 because should_skip=True
2025-11-01T09:34:42.714588 - draw_control_points loop strand=1_2 moving_control_point=True moving_strand_point=False draw_only_setting_on=False should_skip=False is_affected=True moving_side=control_point1
2025-11-01T09:34:42.714588 - Drawing normal control points for strand=1_2 (draw_only_setting_on=False)
2025-11-01T09:34:42.729194 - draw_control_points loop strand=1_1 moving_control_point=True moving_strand_point=False draw_only_setting_on=False should_skip=True is_affected=False moving_side=control_point1
2025-11-01T09:34:42.729194 - Skipping control point draw for strand=1_1 because should_skip=True
2025-11-01T09:34:42.730209 - draw_control_points loop strand=1_2 moving_control_point=True moving_strand_point=False draw_only_setting_on=False should_skip=False is_affected=True moving_side=control_point1
2025-11-01T09:34:42.731337 - Drawing normal control points for strand=1_2 (draw_only_setting_on=False)
2025-11-01T09:34:42.746557 - draw_control_points loop strand=1_1 moving_control_point=True moving_strand_point=False draw_only_setting_on=False should_skip=True is_affected=False moving_side=control_point1
2025-11-01T09:34:42.746557 - Skipping control point draw for strand=1_1 because should_skip=True
2025-11-01T09:34:42.746557 - draw_control_points loop strand=1_2 moving_control_point=True moving_strand_point=False draw_only_setting_on=False should_skip=False is_affected=True moving_side=control_point1
2025-11-01T09:34:42.746557 - Drawing normal control points for strand=1_2 (draw_only_setting_on=False)
2025-11-01T09:34:42.762109 - draw_control_points loop strand=1_1 moving_control_point=True moving_strand_point=False draw_only_setting_on=False should_skip=True is_affected=False moving_side=control_point1
2025-11-01T09:34:42.763562 - Skipping control point draw for strand=1_1 because should_skip=True
2025-11-01T09:34:42.763562 - draw_control_points loop strand=1_2 moving_control_point=True moving_strand_point=False draw_only_setting_on=False should_skip=False is_affected=True moving_side=control_point1
2025-11-01T09:34:42.764568 - Drawing normal control points for strand=1_2 (draw_only_setting_on=False)
2025-11-01T09:34:42.778137 - draw_control_points loop strand=1_1 moving_control_point=True moving_strand_point=False draw_only_setting_on=False should_skip=True is_affected=False moving_side=control_point1
2025-11-01T09:34:42.779380 - Skipping control point draw for strand=1_1 because should_skip=True
2025-11-01T09:34:42.779380 - draw_control_points loop strand=1_2 moving_control_point=True moving_strand_point=False draw_only_setting_on=False should_skip=False is_affected=True moving_side=control_point1
2025-11-01T09:34:42.779380 - Drawing normal control points for strand=1_2 (draw_only_setting_on=False)
2025-11-01T09:34:42.796819 - draw_control_points loop strand=1_1 moving_control_point=True moving_strand_point=False draw_only_setting_on=False should_skip=True is_affected=False moving_side=control_point1
2025-11-01T09:34:42.796819 - Skipping control point draw for strand=1_1 because should_skip=True
2025-11-01T09:34:42.797885 - draw_control_points loop strand=1_2 moving_control_point=True moving_strand_point=False draw_only_setting_on=False should_skip=False is_affected=True moving_side=control_point1
2025-11-01T09:34:42.797885 - Drawing normal control points for strand=1_2 (draw_only_setting_on=False)
2025-11-01T09:34:42.812786 - draw_control_points loop strand=1_1 moving_control_point=True moving_strand_point=False draw_only_setting_on=False should_skip=True is_affected=False moving_side=control_point1
2025-11-01T09:34:42.812786 - Skipping control point draw for strand=1_1 because should_skip=True
2025-11-01T09:34:42.812786 - draw_control_points loop strand=1_2 moving_control_point=True moving_strand_point=False draw_only_setting_on=False should_skip=False is_affected=True moving_side=control_point1
2025-11-01T09:34:42.814135 - Drawing normal control points for strand=1_2 (draw_only_setting_on=False)
2025-11-01T09:34:42.829277 - draw_control_points loop strand=1_1 moving_control_point=True moving_strand_point=False draw_only_setting_on=False should_skip=True is_affected=False moving_side=control_point1
2025-11-01T09:34:42.830285 - Skipping control point draw for strand=1_1 because should_skip=True
2025-11-01T09:34:42.830285 - draw_control_points loop strand=1_2 moving_control_point=True moving_strand_point=False draw_only_setting_on=False should_skip=False is_affected=True moving_side=control_point1
2025-11-01T09:34:42.831517 - Drawing normal control points for strand=1_2 (draw_only_setting_on=False)
2025-11-01T09:34:42.843780 - draw_control_points loop strand=1_1 moving_control_point=True moving_strand_point=False draw_only_setting_on=False should_skip=True is_affected=False moving_side=control_point1
2025-11-01T09:34:42.845268 - Skipping control point draw for strand=1_1 because should_skip=True
2025-11-01T09:34:42.845268 - draw_control_points loop strand=1_2 moving_control_point=True moving_strand_point=False draw_only_setting_on=False should_skip=False is_affected=True moving_side=control_point1
2025-11-01T09:34:42.845268 - Drawing normal control points for strand=1_2 (draw_only_setting_on=False)
2025-11-01T09:34:42.861263 - draw_control_points loop strand=1_1 moving_control_point=True moving_strand_point=False draw_only_setting_on=False should_skip=True is_affected=False moving_side=control_point1
2025-11-01T09:34:42.861263 - Skipping control point draw for strand=1_1 because should_skip=True
2025-11-01T09:34:42.862286 - draw_control_points loop strand=1_2 moving_control_point=True moving_strand_point=False draw_only_setting_on=False should_skip=False is_affected=True moving_side=control_point1
2025-11-01T09:34:42.862286 - Drawing normal control points for strand=1_2 (draw_only_setting_on=False)
2025-11-01T09:34:42.878310 - draw_control_points loop strand=1_1 moving_control_point=True moving_strand_point=False draw_only_setting_on=False should_skip=True is_affected=False moving_side=control_point1
2025-11-01T09:34:42.878310 - Skipping control point draw for strand=1_1 because should_skip=True
2025-11-01T09:34:42.878310 - draw_control_points loop strand=1_2 moving_control_point=True moving_strand_point=False draw_only_setting_on=False should_skip=False is_affected=True moving_side=control_point1
2025-11-01T09:34:42.878310 - Drawing normal control points for strand=1_2 (draw_only_setting_on=False)
2025-11-01T09:34:42.893773 - draw_control_points loop strand=1_1 moving_control_point=True moving_strand_point=False draw_only_setting_on=False should_skip=True is_affected=False moving_side=control_point1
2025-11-01T09:34:42.893773 - Skipping control point draw for strand=1_1 because should_skip=True
2025-11-01T09:34:42.893773 - draw_control_points loop strand=1_2 moving_control_point=True moving_strand_point=False draw_only_setting_on=False should_skip=False is_affected=True moving_side=control_point1
2025-11-01T09:34:42.894936 - Drawing normal control points for strand=1_2 (draw_only_setting_on=False)
2025-11-01T09:34:42.909344 - draw_control_points loop strand=1_1 moving_control_point=True moving_strand_point=False draw_only_setting_on=False should_skip=True is_affected=False moving_side=control_point1
2025-11-01T09:34:42.910391 - Skipping control point draw for strand=1_1 because should_skip=True
2025-11-01T09:34:42.910391 - draw_control_points loop strand=1_2 moving_control_point=True moving_strand_point=False draw_only_setting_on=False should_skip=False is_affected=True moving_side=control_point1
2025-11-01T09:34:42.910391 - Drawing normal control points for strand=1_2 (draw_only_setting_on=False)
2025-11-01T09:34:42.926965 - draw_control_points loop strand=1_1 moving_control_point=True moving_strand_point=False draw_only_setting_on=False should_skip=True is_affected=False moving_side=control_point1
2025-11-01T09:34:42.926965 - Skipping control point draw for strand=1_1 because should_skip=True
2025-11-01T09:34:42.926965 - draw_control_points loop strand=1_2 moving_control_point=True moving_strand_point=False draw_only_setting_on=False should_skip=False is_affected=True moving_side=control_point1
2025-11-01T09:34:42.928218 - Drawing normal control points for strand=1_2 (draw_only_setting_on=False)
2025-11-01T09:34:42.943771 - draw_control_points loop strand=1_1 moving_control_point=True moving_strand_point=False draw_only_setting_on=False should_skip=True is_affected=False moving_side=control_point1
2025-11-01T09:34:42.944803 - Skipping control point draw for strand=1_1 because should_skip=True
2025-11-01T09:34:42.945015 - draw_control_points loop strand=1_2 moving_control_point=True moving_strand_point=False draw_only_setting_on=False should_skip=False is_affected=True moving_side=control_point1
2025-11-01T09:34:42.945015 - Drawing normal control points for strand=1_2 (draw_only_setting_on=False)
2025-11-01T09:34:42.962971 - draw_control_points loop strand=1_1 moving_control_point=True moving_strand_point=False draw_only_setting_on=False should_skip=True is_affected=False moving_side=control_point1
2025-11-01T09:34:42.962971 - Skipping control point draw for strand=1_1 because should_skip=True
2025-11-01T09:34:42.962971 - draw_control_points loop strand=1_2 moving_control_point=True moving_strand_point=False draw_only_setting_on=False should_skip=False is_affected=True moving_side=control_point1
2025-11-01T09:34:42.964399 - Drawing normal control points for strand=1_2 (draw_only_setting_on=False)
2025-11-01T09:34:42.979592 - draw_control_points loop strand=1_1 moving_control_point=True moving_strand_point=False draw_only_setting_on=False should_skip=True is_affected=False moving_side=control_point1
2025-11-01T09:34:42.979592 - Skipping control point draw for strand=1_1 because should_skip=True
2025-11-01T09:34:42.980596 - draw_control_points loop strand=1_2 moving_control_point=True moving_strand_point=False draw_only_setting_on=False should_skip=False is_affected=True moving_side=control_point1
2025-11-01T09:34:42.980596 - Drawing normal control points for strand=1_2 (draw_only_setting_on=False)
2025-11-01T09:34:42.994915 - draw_control_points loop strand=1_1 moving_control_point=True moving_strand_point=False draw_only_setting_on=False should_skip=True is_affected=False moving_side=control_point1
2025-11-01T09:34:42.996219 - Skipping control point draw for strand=1_1 because should_skip=True
2025-11-01T09:34:42.996219 - draw_control_points loop strand=1_2 moving_control_point=True moving_strand_point=False draw_only_setting_on=False should_skip=False is_affected=True moving_side=control_point1
2025-11-01T09:34:42.996219 - Drawing normal control points for strand=1_2 (draw_only_setting_on=False)
2025-11-01T09:34:43.008706 - draw_control_points loop strand=1_1 moving_control_point=True moving_strand_point=False draw_only_setting_on=False should_skip=True is_affected=False moving_side=control_point1
2025-11-01T09:34:43.008706 - Skipping control point draw for strand=1_1 because should_skip=True
2025-11-01T09:34:43.010018 - draw_control_points loop strand=1_2 moving_control_point=True moving_strand_point=False draw_only_setting_on=False should_skip=False is_affected=True moving_side=control_point1
2025-11-01T09:34:43.010582 - Drawing normal control points for strand=1_2 (draw_only_setting_on=False)
2025-11-01T09:34:43.025838 - draw_control_points loop strand=1_1 moving_control_point=True moving_strand_point=False draw_only_setting_on=False should_skip=True is_affected=False moving_side=control_point1
2025-11-01T09:34:43.025838 - Skipping control point draw for strand=1_1 because should_skip=True
2025-11-01T09:34:43.026842 - draw_control_points loop strand=1_2 moving_control_point=True moving_strand_point=False draw_only_setting_on=False should_skip=False is_affected=True moving_side=control_point1
2025-11-01T09:34:43.026842 - Drawing normal control points for strand=1_2 (draw_only_setting_on=False)
2025-11-01T09:34:43.042947 - draw_control_points loop strand=1_1 moving_control_point=True moving_strand_point=False draw_only_setting_on=False should_skip=True is_affected=False moving_side=control_point1
2025-11-01T09:34:43.042947 - Skipping control point draw for strand=1_1 because should_skip=True
2025-11-01T09:34:43.042947 - draw_control_points loop strand=1_2 moving_control_point=True moving_strand_point=False draw_only_setting_on=False should_skip=False is_affected=True moving_side=control_point1
2025-11-01T09:34:43.043956 - Drawing normal control points for strand=1_2 (draw_only_setting_on=False)
2025-11-01T09:34:43.057707 - draw_control_points loop strand=1_1 moving_control_point=True moving_strand_point=False draw_only_setting_on=False should_skip=True is_affected=False moving_side=control_point1
2025-11-01T09:34:43.057707 - Skipping control point draw for strand=1_1 because should_skip=True
2025-11-01T09:34:43.057707 - draw_control_points loop strand=1_2 moving_control_point=True moving_strand_point=False draw_only_setting_on=False should_skip=False is_affected=True moving_side=control_point1
2025-11-01T09:34:43.059155 - Drawing normal control points for strand=1_2 (draw_only_setting_on=False)
2025-11-01T09:34:43.074463 - draw_control_points loop strand=1_1 moving_control_point=True moving_strand_point=False draw_only_setting_on=False should_skip=True is_affected=False moving_side=control_point1
2025-11-01T09:34:43.074463 - Skipping control point draw for strand=1_1 because should_skip=True
2025-11-01T09:34:43.075512 - draw_control_points loop strand=1_2 moving_control_point=True moving_strand_point=False draw_only_setting_on=False should_skip=False is_affected=True moving_side=control_point1
2025-11-01T09:34:43.075512 - Drawing normal control points for strand=1_2 (draw_only_setting_on=False)
2025-11-01T09:34:43.090911 - draw_control_points loop strand=1_1 moving_control_point=True moving_strand_point=False draw_only_setting_on=False should_skip=True is_affected=False moving_side=control_point1
2025-11-01T09:34:43.090911 - Skipping control point draw for strand=1_1 because should_skip=True
2025-11-01T09:34:43.090911 - draw_control_points loop strand=1_2 moving_control_point=True moving_strand_point=False draw_only_setting_on=False should_skip=False is_affected=True moving_side=control_point1
2025-11-01T09:34:43.090911 - Drawing normal control points for strand=1_2 (draw_only_setting_on=False)
2025-11-01T09:34:43.106773 - draw_control_points loop strand=1_1 moving_control_point=True moving_strand_point=False draw_only_setting_on=False should_skip=True is_affected=False moving_side=control_point1
2025-11-01T09:34:43.106773 - Skipping control point draw for strand=1_1 because should_skip=True
2025-11-01T09:34:43.106773 - draw_control_points loop strand=1_2 moving_control_point=True moving_strand_point=False draw_only_setting_on=False should_skip=False is_affected=True moving_side=control_point1
2025-11-01T09:34:43.107818 - Drawing normal control points for strand=1_2 (draw_only_setting_on=False)
2025-11-01T09:34:43.121344 - draw_control_points loop strand=1_1 moving_control_point=True moving_strand_point=False draw_only_setting_on=False should_skip=True is_affected=False moving_side=control_point1
2025-11-01T09:34:43.122390 - Skipping control point draw for strand=1_1 because should_skip=True
2025-11-01T09:34:43.122390 - draw_control_points loop strand=1_2 moving_control_point=True moving_strand_point=False draw_only_setting_on=False should_skip=False is_affected=True moving_side=control_point1
2025-11-01T09:34:43.122390 - Drawing normal control points for strand=1_2 (draw_only_setting_on=False)
2025-11-01T09:34:43.136967 - draw_control_points loop strand=1_1 moving_control_point=True moving_strand_point=False draw_only_setting_on=False should_skip=True is_affected=False moving_side=control_point1
2025-11-01T09:34:43.136967 - Skipping control point draw for strand=1_1 because should_skip=True
2025-11-01T09:34:43.136967 - draw_control_points loop strand=1_2 moving_control_point=True moving_strand_point=False draw_only_setting_on=False should_skip=False is_affected=True moving_side=control_point1
2025-11-01T09:34:43.138105 - Drawing normal control points for strand=1_2 (draw_only_setting_on=False)
2025-11-01T09:34:43.150431 - draw_control_points loop strand=1_1 moving_control_point=True moving_strand_point=False draw_only_setting_on=False should_skip=True is_affected=False moving_side=control_point1
2025-11-01T09:34:43.150431 - Skipping control point draw for strand=1_1 because should_skip=True
2025-11-01T09:34:43.151437 - draw_control_points loop strand=1_2 moving_control_point=True moving_strand_point=False draw_only_setting_on=False should_skip=False is_affected=True moving_side=control_point1
2025-11-01T09:34:43.151437 - Drawing normal control points for strand=1_2 (draw_only_setting_on=False)
2025-11-01T09:34:43.165632 - draw_control_points loop strand=1_1 moving_control_point=True moving_strand_point=False draw_only_setting_on=False should_skip=True is_affected=False moving_side=control_point1
2025-11-01T09:34:43.165632 - Skipping control point draw for strand=1_1 because should_skip=True
2025-11-01T09:34:43.165632 - draw_control_points loop strand=1_2 moving_control_point=True moving_strand_point=False draw_only_setting_on=False should_skip=False is_affected=True moving_side=control_point1
2025-11-01T09:34:43.167126 - Drawing normal control points for strand=1_2 (draw_only_setting_on=False)
2025-11-01T09:34:43.181345 - draw_control_points loop strand=1_1 moving_control_point=True moving_strand_point=False draw_only_setting_on=False should_skip=True is_affected=False moving_side=control_point1
2025-11-01T09:34:43.181345 - Skipping control point draw for strand=1_1 because should_skip=True
2025-11-01T09:34:43.182361 - draw_control_points loop strand=1_2 moving_control_point=True moving_strand_point=False draw_only_setting_on=False should_skip=False is_affected=True moving_side=control_point1
2025-11-01T09:34:43.182361 - Drawing normal control points for strand=1_2 (draw_only_setting_on=False)
2025-11-01T09:34:43.194046 - draw_control_points loop strand=1_1 moving_control_point=True moving_strand_point=False draw_only_setting_on=False should_skip=True is_affected=False moving_side=control_point1
2025-11-01T09:34:43.195065 - Skipping control point draw for strand=1_1 because should_skip=True
2025-11-01T09:34:43.195065 - draw_control_points loop strand=1_2 moving_control_point=True moving_strand_point=False draw_only_setting_on=False should_skip=False is_affected=True moving_side=control_point1
2025-11-01T09:34:43.195065 - Drawing normal control points for strand=1_2 (draw_only_setting_on=False)
2025-11-01T09:34:43.211264 - draw_control_points loop strand=1_1 moving_control_point=True moving_strand_point=False draw_only_setting_on=False should_skip=True is_affected=False moving_side=control_point1
2025-11-01T09:34:43.211264 - Skipping control point draw for strand=1_1 because should_skip=True
2025-11-01T09:34:43.211264 - draw_control_points loop strand=1_2 moving_control_point=True moving_strand_point=False draw_only_setting_on=False should_skip=False is_affected=True moving_side=control_point1
2025-11-01T09:34:43.211264 - Drawing normal control points for strand=1_2 (draw_only_setting_on=False)
2025-11-01T09:34:43.227272 - draw_control_points loop strand=1_1 moving_control_point=True moving_strand_point=False draw_only_setting_on=False should_skip=True is_affected=False moving_side=control_point1
2025-11-01T09:34:43.227272 - Skipping control point draw for strand=1_1 because should_skip=True
2025-11-01T09:34:43.227272 - draw_control_points loop strand=1_2 moving_control_point=True moving_strand_point=False draw_only_setting_on=False should_skip=False is_affected=True moving_side=control_point1
2025-11-01T09:34:43.228484 - Drawing normal control points for strand=1_2 (draw_only_setting_on=False)
2025-11-01T09:34:43.241171 - draw_control_points loop strand=1_1 moving_control_point=True moving_strand_point=False draw_only_setting_on=False should_skip=True is_affected=False moving_side=control_point1
2025-11-01T09:34:43.242235 - Skipping control point draw for strand=1_1 because should_skip=True
2025-11-01T09:34:43.242235 - draw_control_points loop strand=1_2 moving_control_point=True moving_strand_point=False draw_only_setting_on=False should_skip=False is_affected=True moving_side=control_point1
2025-11-01T09:34:43.242235 - Drawing normal control points for strand=1_2 (draw_only_setting_on=False)
2025-11-01T09:34:43.257690 - draw_control_points loop strand=1_1 moving_control_point=True moving_strand_point=False draw_only_setting_on=False should_skip=True is_affected=False moving_side=control_point1
2025-11-01T09:34:43.258687 - Skipping control point draw for strand=1_1 because should_skip=True
2025-11-01T09:34:43.258687 - draw_control_points loop strand=1_2 moving_control_point=True moving_strand_point=False draw_only_setting_on=False should_skip=False is_affected=True moving_side=control_point1
2025-11-01T09:34:43.258687 - Drawing normal control points for strand=1_2 (draw_only_setting_on=False)
2025-11-01T09:34:43.273213 - draw_control_points loop strand=1_1 moving_control_point=True moving_strand_point=False draw_only_setting_on=False should_skip=True is_affected=False moving_side=control_point1
2025-11-01T09:34:43.274250 - Skipping control point draw for strand=1_1 because should_skip=True
2025-11-01T09:34:43.274250 - draw_control_points loop strand=1_2 moving_control_point=True moving_strand_point=False draw_only_setting_on=False should_skip=False is_affected=True moving_side=control_point1
2025-11-01T09:34:43.274250 - Drawing normal control points for strand=1_2 (draw_only_setting_on=False)
2025-11-01T09:34:43.289800 - draw_control_points loop strand=1_1 moving_control_point=True moving_strand_point=False draw_only_setting_on=False should_skip=True is_affected=False moving_side=control_point1
2025-11-01T09:34:43.289800 - Skipping control point draw for strand=1_1 because should_skip=True
2025-11-01T09:34:43.291020 - draw_control_points loop strand=1_2 moving_control_point=True moving_strand_point=False draw_only_setting_on=False should_skip=False is_affected=True moving_side=control_point1
2025-11-01T09:34:43.291020 - Drawing normal control points for strand=1_2 (draw_only_setting_on=False)
2025-11-01T09:34:43.303399 - draw_control_points loop strand=1_1 moving_control_point=True moving_strand_point=False draw_only_setting_on=False should_skip=True is_affected=False moving_side=control_point1
2025-11-01T09:34:43.304396 - Skipping control point draw for strand=1_1 because should_skip=True
2025-11-01T09:34:43.304396 - draw_control_points loop strand=1_2 moving_control_point=True moving_strand_point=False draw_only_setting_on=False should_skip=False is_affected=True moving_side=control_point1
2025-11-01T09:34:43.304396 - Drawing normal control points for strand=1_2 (draw_only_setting_on=False)
2025-11-01T09:34:43.318607 - draw_control_points loop strand=1_1 moving_control_point=True moving_strand_point=False draw_only_setting_on=False should_skip=True is_affected=False moving_side=control_point1
2025-11-01T09:34:43.318607 - Skipping control point draw for strand=1_1 because should_skip=True
2025-11-01T09:34:43.318607 - draw_control_points loop strand=1_2 moving_control_point=True moving_strand_point=False draw_only_setting_on=False should_skip=False is_affected=True moving_side=control_point1
2025-11-01T09:34:43.319615 - Drawing normal control points for strand=1_2 (draw_only_setting_on=False)
2025-11-01T09:34:43.331639 - draw_control_points loop strand=1_1 moving_control_point=True moving_strand_point=False draw_only_setting_on=False should_skip=True is_affected=False moving_side=control_point1
2025-11-01T09:34:43.332643 - Skipping control point draw for strand=1_1 because should_skip=True
2025-11-01T09:34:43.332643 - draw_control_points loop strand=1_2 moving_control_point=True moving_strand_point=False draw_only_setting_on=False should_skip=False is_affected=True moving_side=control_point1
2025-11-01T09:34:43.332643 - Drawing normal control points for strand=1_2 (draw_only_setting_on=False)
2025-11-01T09:34:43.344171 - draw_control_points loop strand=1_1 moving_control_point=True moving_strand_point=False draw_only_setting_on=False should_skip=True is_affected=False moving_side=control_point1
2025-11-01T09:34:43.344171 - Skipping control point draw for strand=1_1 because should_skip=True
2025-11-01T09:34:43.344171 - draw_control_points loop strand=1_2 moving_control_point=True moving_strand_point=False draw_only_setting_on=False should_skip=False is_affected=True moving_side=control_point1
2025-11-01T09:34:43.345638 - Drawing normal control points for strand=1_2 (draw_only_setting_on=False)
2025-11-01T09:34:43.359108 - draw_control_points loop strand=1_1 moving_control_point=True moving_strand_point=False draw_only_setting_on=False should_skip=True is_affected=False moving_side=control_point1
2025-11-01T09:34:43.359108 - Skipping control point draw for strand=1_1 because should_skip=True
2025-11-01T09:34:43.359108 - draw_control_points loop strand=1_2 moving_control_point=True moving_strand_point=False draw_only_setting_on=False should_skip=False is_affected=True moving_side=control_point1
2025-11-01T09:34:43.359108 - Drawing normal control points for strand=1_2 (draw_only_setting_on=False)
2025-11-01T09:34:43.373125 - draw_control_points loop strand=1_1 moving_control_point=True moving_strand_point=False draw_only_setting_on=False should_skip=True is_affected=False moving_side=control_point1
2025-11-01T09:34:43.373125 - Skipping control point draw for strand=1_1 because should_skip=True
2025-11-01T09:34:43.374130 - draw_control_points loop strand=1_2 moving_control_point=True moving_strand_point=False draw_only_setting_on=False should_skip=False is_affected=True moving_side=control_point1
2025-11-01T09:34:43.374498 - Drawing normal control points for strand=1_2 (draw_only_setting_on=False)
2025-11-01T09:34:43.386666 - draw_control_points loop strand=1_1 moving_control_point=True moving_strand_point=False draw_only_setting_on=False should_skip=True is_affected=False moving_side=control_point1
2025-11-01T09:34:43.386666 - Skipping control point draw for strand=1_1 because should_skip=True
2025-11-01T09:34:43.387673 - draw_control_points loop strand=1_2 moving_control_point=True moving_strand_point=False draw_only_setting_on=False should_skip=False is_affected=True moving_side=control_point1
2025-11-01T09:34:43.387673 - Drawing normal control points for strand=1_2 (draw_only_setting_on=False)
2025-11-01T09:34:43.400159 - draw_control_points loop strand=1_1 moving_control_point=True moving_strand_point=False draw_only_setting_on=False should_skip=True is_affected=False moving_side=control_point1
2025-11-01T09:34:43.400159 - Skipping control point draw for strand=1_1 because should_skip=True
2025-11-01T09:34:43.400159 - draw_control_points loop strand=1_2 moving_control_point=True moving_strand_point=False draw_only_setting_on=False should_skip=False is_affected=True moving_side=control_point1
2025-11-01T09:34:43.401290 - Drawing normal control points for strand=1_2 (draw_only_setting_on=False)
2025-11-01T09:34:43.412366 - draw_control_points loop strand=1_1 moving_control_point=True moving_strand_point=False draw_only_setting_on=False should_skip=True is_affected=False moving_side=control_point1
2025-11-01T09:34:43.413480 - Skipping control point draw for strand=1_1 because should_skip=True
2025-11-01T09:34:43.413480 - draw_control_points loop strand=1_2 moving_control_point=True moving_strand_point=False draw_only_setting_on=False should_skip=False is_affected=True moving_side=control_point1
2025-11-01T09:34:43.413480 - Drawing normal control points for strand=1_2 (draw_only_setting_on=False)
2025-11-01T09:34:43.427153 - draw_control_points loop strand=1_1 moving_control_point=True moving_strand_point=False draw_only_setting_on=False should_skip=True is_affected=False moving_side=control_point1
2025-11-01T09:34:43.427153 - Skipping control point draw for strand=1_1 because should_skip=True
2025-11-01T09:34:43.427153 - draw_control_points loop strand=1_2 moving_control_point=True moving_strand_point=False draw_only_setting_on=False should_skip=False is_affected=True moving_side=control_point1
2025-11-01T09:34:43.427153 - Drawing normal control points for strand=1_2 (draw_only_setting_on=False)
2025-11-01T09:34:43.441253 - draw_control_points loop strand=1_1 moving_control_point=True moving_strand_point=False draw_only_setting_on=False should_skip=True is_affected=False moving_side=control_point1
2025-11-01T09:34:43.442265 - Skipping control point draw for strand=1_1 because should_skip=True
2025-11-01T09:34:43.442265 - draw_control_points loop strand=1_2 moving_control_point=True moving_strand_point=False draw_only_setting_on=False should_skip=False is_affected=True moving_side=control_point1
2025-11-01T09:34:43.442265 - Drawing normal control points for strand=1_2 (draw_only_setting_on=False)
2025-11-01T09:34:43.456221 - draw_control_points loop strand=1_1 moving_control_point=True moving_strand_point=False draw_only_setting_on=False should_skip=True is_affected=False moving_side=control_point1
2025-11-01T09:34:43.456221 - Skipping control point draw for strand=1_1 because should_skip=True
2025-11-01T09:34:43.457231 - draw_control_points loop strand=1_2 moving_control_point=True moving_strand_point=False draw_only_setting_on=False should_skip=False is_affected=True moving_side=control_point1
2025-11-01T09:34:43.457231 - Drawing normal control points for strand=1_2 (draw_only_setting_on=False)
2025-11-01T09:34:43.469882 - draw_control_points loop strand=1_1 moving_control_point=True moving_strand_point=False draw_only_setting_on=False should_skip=True is_affected=False moving_side=control_point1
2025-11-01T09:34:43.469882 - Skipping control point draw for strand=1_1 because should_skip=True
2025-11-01T09:34:43.470916 - draw_control_points loop strand=1_2 moving_control_point=True moving_strand_point=False draw_only_setting_on=False should_skip=False is_affected=True moving_side=control_point1
2025-11-01T09:34:43.470916 - Drawing normal control points for strand=1_2 (draw_only_setting_on=False)
2025-11-01T09:34:43.483218 - draw_control_points loop strand=1_1 moving_control_point=True moving_strand_point=False draw_only_setting_on=False should_skip=True is_affected=False moving_side=control_point1
2025-11-01T09:34:43.484281 - Skipping control point draw for strand=1_1 because should_skip=True
2025-11-01T09:34:43.484281 - draw_control_points loop strand=1_2 moving_control_point=True moving_strand_point=False draw_only_setting_on=False should_skip=False is_affected=True moving_side=control_point1
2025-11-01T09:34:43.484281 - Drawing normal control points for strand=1_2 (draw_only_setting_on=False)
2025-11-01T09:34:43.495794 - draw_control_points loop strand=1_1 moving_control_point=True moving_strand_point=False draw_only_setting_on=False should_skip=True is_affected=False moving_side=control_point1
2025-11-01T09:34:43.495794 - Skipping control point draw for strand=1_1 because should_skip=True
2025-11-01T09:34:43.496800 - draw_control_points loop strand=1_2 moving_control_point=True moving_strand_point=False draw_only_setting_on=False should_skip=False is_affected=True moving_side=control_point1
2025-11-01T09:34:43.496800 - Drawing normal control points for strand=1_2 (draw_only_setting_on=False)
2025-11-01T09:34:43.509724 - draw_control_points loop strand=1_1 moving_control_point=True moving_strand_point=False draw_only_setting_on=False should_skip=True is_affected=False moving_side=control_point1
2025-11-01T09:34:43.509724 - Skipping control point draw for strand=1_1 because should_skip=True
2025-11-01T09:34:43.509724 - draw_control_points loop strand=1_2 moving_control_point=True moving_strand_point=False draw_only_setting_on=False should_skip=False is_affected=True moving_side=control_point1
2025-11-01T09:34:43.509724 - Drawing normal control points for strand=1_2 (draw_only_setting_on=False)
2025-11-01T09:34:43.524255 - draw_control_points loop strand=1_1 moving_control_point=True moving_strand_point=False draw_only_setting_on=False should_skip=True is_affected=False moving_side=control_point1
2025-11-01T09:34:43.524255 - Skipping control point draw for strand=1_1 because should_skip=True
2025-11-01T09:34:43.524255 - draw_control_points loop strand=1_2 moving_control_point=True moving_strand_point=False draw_only_setting_on=False should_skip=False is_affected=True moving_side=control_point1
2025-11-01T09:34:43.525259 - Drawing normal control points for strand=1_2 (draw_only_setting_on=False)
2025-11-01T09:34:43.536627 - draw_control_points loop strand=1_1 moving_control_point=True moving_strand_point=False draw_only_setting_on=False should_skip=True is_affected=False moving_side=control_point1
2025-11-01T09:34:43.536627 - Skipping control point draw for strand=1_1 because should_skip=True
2025-11-01T09:34:43.537633 - draw_control_points loop strand=1_2 moving_control_point=True moving_strand_point=False draw_only_setting_on=False should_skip=False is_affected=True moving_side=control_point1
2025-11-01T09:34:43.537633 - Drawing normal control points for strand=1_2 (draw_only_setting_on=False)
2025-11-01T09:34:43.550378 - draw_control_points loop strand=1_1 moving_control_point=True moving_strand_point=False draw_only_setting_on=False should_skip=True is_affected=False moving_side=control_point1
2025-11-01T09:34:43.550378 - Skipping control point draw for strand=1_1 because should_skip=True
2025-11-01T09:34:43.551384 - draw_control_points loop strand=1_2 moving_control_point=True moving_strand_point=False draw_only_setting_on=False should_skip=False is_affected=True moving_side=control_point1
2025-11-01T09:34:43.551384 - Drawing normal control points for strand=1_2 (draw_only_setting_on=False)
2025-11-01T09:34:43.563260 - draw_control_points loop strand=1_1 moving_control_point=True moving_strand_point=False draw_only_setting_on=False should_skip=True is_affected=False moving_side=control_point1
2025-11-01T09:34:43.564260 - Skipping control point draw for strand=1_1 because should_skip=True
2025-11-01T09:34:43.564260 - draw_control_points loop strand=1_2 moving_control_point=True moving_strand_point=False draw_only_setting_on=False should_skip=False is_affected=True moving_side=control_point1
2025-11-01T09:34:43.565350 - Drawing normal control points for strand=1_2 (draw_only_setting_on=False)
2025-11-01T09:34:43.578464 - draw_control_points loop strand=1_1 moving_control_point=True moving_strand_point=False draw_only_setting_on=False should_skip=True is_affected=False moving_side=control_point1
2025-11-01T09:34:43.578464 - Skipping control point draw for strand=1_1 because should_skip=True
2025-11-01T09:34:43.578464 - draw_control_points loop strand=1_2 moving_control_point=True moving_strand_point=False draw_only_setting_on=False should_skip=False is_affected=True moving_side=control_point1
2025-11-01T09:34:43.579469 - Drawing normal control points for strand=1_2 (draw_only_setting_on=False)
2025-11-01T09:34:43.594921 - draw_control_points loop strand=1_1 moving_control_point=True moving_strand_point=False draw_only_setting_on=False should_skip=True is_affected=False moving_side=control_point1
2025-11-01T09:34:43.595939 - Skipping control point draw for strand=1_1 because should_skip=True
2025-11-01T09:34:43.595939 - draw_control_points loop strand=1_2 moving_control_point=True moving_strand_point=False draw_only_setting_on=False should_skip=False is_affected=True moving_side=control_point1
2025-11-01T09:34:43.595939 - Drawing normal control points for strand=1_2 (draw_only_setting_on=False)
2025-11-01T09:34:43.610190 - draw_control_points loop strand=1_1 moving_control_point=True moving_strand_point=False draw_only_setting_on=False should_skip=True is_affected=False moving_side=control_point1
2025-11-01T09:34:43.610190 - Skipping control point draw for strand=1_1 because should_skip=True
2025-11-01T09:34:43.610190 - draw_control_points loop strand=1_2 moving_control_point=True moving_strand_point=False draw_only_setting_on=False should_skip=False is_affected=True moving_side=control_point1
2025-11-01T09:34:43.610190 - Drawing normal control points for strand=1_2 (draw_only_setting_on=False)
2025-11-01T09:34:43.625155 - draw_control_points loop strand=1_1 moving_control_point=True moving_strand_point=False draw_only_setting_on=False should_skip=True is_affected=False moving_side=control_point1
2025-11-01T09:34:43.626218 - Skipping control point draw for strand=1_1 because should_skip=True
2025-11-01T09:34:43.626218 - draw_control_points loop strand=1_2 moving_control_point=True moving_strand_point=False draw_only_setting_on=False should_skip=False is_affected=True moving_side=control_point1
2025-11-01T09:34:43.626218 - Drawing normal control points for strand=1_2 (draw_only_setting_on=False)
2025-11-01T09:34:43.641120 - draw_control_points loop strand=1_1 moving_control_point=True moving_strand_point=False draw_only_setting_on=False should_skip=True is_affected=False moving_side=control_point1
2025-11-01T09:34:43.642124 - Skipping control point draw for strand=1_1 because should_skip=True
2025-11-01T09:34:43.642124 - draw_control_points loop strand=1_2 moving_control_point=True moving_strand_point=False draw_only_setting_on=False should_skip=False is_affected=True moving_side=control_point1
2025-11-01T09:34:43.642124 - Drawing normal control points for strand=1_2 (draw_only_setting_on=False)
2025-11-01T09:34:43.655502 - draw_control_points loop strand=1_1 moving_control_point=True moving_strand_point=False draw_only_setting_on=False should_skip=True is_affected=False moving_side=control_point1
2025-11-01T09:34:43.655502 - Skipping control point draw for strand=1_1 because should_skip=True
2025-11-01T09:34:43.656508 - draw_control_points loop strand=1_2 moving_control_point=True moving_strand_point=False draw_only_setting_on=False should_skip=False is_affected=True moving_side=control_point1
2025-11-01T09:34:43.656508 - Drawing normal control points for strand=1_2 (draw_only_setting_on=False)
2025-11-01T09:34:43.669303 - draw_control_points loop strand=1_1 moving_control_point=True moving_strand_point=False draw_only_setting_on=False should_skip=True is_affected=False moving_side=control_point1
2025-11-01T09:34:43.669303 - Skipping control point draw for strand=1_1 because should_skip=True
2025-11-01T09:34:43.669807 - draw_control_points loop strand=1_2 moving_control_point=True moving_strand_point=False draw_only_setting_on=False should_skip=False is_affected=True moving_side=control_point1
2025-11-01T09:34:43.669807 - Drawing normal control points for strand=1_2 (draw_only_setting_on=False)
2025-11-01T09:34:43.682582 - draw_control_points loop strand=1_1 moving_control_point=True moving_strand_point=False draw_only_setting_on=False should_skip=True is_affected=False moving_side=control_point1
2025-11-01T09:34:43.682582 - Skipping control point draw for strand=1_1 because should_skip=True
2025-11-01T09:34:43.682582 - draw_control_points loop strand=1_2 moving_control_point=True moving_strand_point=False draw_only_setting_on=False should_skip=False is_affected=True moving_side=control_point1
2025-11-01T09:34:43.683584 - Drawing normal control points for strand=1_2 (draw_only_setting_on=False)
2025-11-01T09:34:43.694637 - draw_control_points loop strand=1_1 moving_control_point=True moving_strand_point=False draw_only_setting_on=False should_skip=True is_affected=False moving_side=control_point1
2025-11-01T09:34:43.694637 - Skipping control point draw for strand=1_1 because should_skip=True
2025-11-01T09:34:43.695641 - draw_control_points loop strand=1_2 moving_control_point=True moving_strand_point=False draw_only_setting_on=False should_skip=False is_affected=True moving_side=control_point1
2025-11-01T09:34:43.695641 - Drawing normal control points for strand=1_2 (draw_only_setting_on=False)
2025-11-01T09:34:43.710982 - draw_control_points loop strand=1_1 moving_control_point=True moving_strand_point=False draw_only_setting_on=False should_skip=True is_affected=False moving_side=control_point1
2025-11-01T09:34:43.712163 - Skipping control point draw for strand=1_1 because should_skip=True
2025-11-01T09:34:43.712163 - draw_control_points loop strand=1_2 moving_control_point=True moving_strand_point=False draw_only_setting_on=False should_skip=False is_affected=True moving_side=control_point1
2025-11-01T09:34:43.712163 - Drawing normal control points for strand=1_2 (draw_only_setting_on=False)
2025-11-01T09:34:43.725778 - draw_control_points loop strand=1_1 moving_control_point=True moving_strand_point=False draw_only_setting_on=False should_skip=True is_affected=False moving_side=control_point1
2025-11-01T09:34:43.725778 - Skipping control point draw for strand=1_1 because should_skip=True
2025-11-01T09:34:43.727004 - draw_control_points loop strand=1_2 moving_control_point=True moving_strand_point=False draw_only_setting_on=False should_skip=False is_affected=True moving_side=control_point1
2025-11-01T09:34:43.727004 - Drawing normal control points for strand=1_2 (draw_only_setting_on=False)
2025-11-01T09:34:43.740967 - draw_control_points loop strand=1_1 moving_control_point=True moving_strand_point=False draw_only_setting_on=False should_skip=True is_affected=False moving_side=control_point1
2025-11-01T09:34:43.740967 - Skipping control point draw for strand=1_1 because should_skip=True
2025-11-01T09:34:43.740967 - draw_control_points loop strand=1_2 moving_control_point=True moving_strand_point=False draw_only_setting_on=False should_skip=False is_affected=True moving_side=control_point1
2025-11-01T09:34:43.741986 - Drawing normal control points for strand=1_2 (draw_only_setting_on=False)
2025-11-01T09:34:43.753546 - draw_control_points loop strand=1_1 moving_control_point=True moving_strand_point=False draw_only_setting_on=False should_skip=True is_affected=False moving_side=control_point1
2025-11-01T09:34:43.753546 - Skipping control point draw for strand=1_1 because should_skip=True
2025-11-01T09:34:43.754564 - draw_control_points loop strand=1_2 moving_control_point=True moving_strand_point=False draw_only_setting_on=False should_skip=False is_affected=True moving_side=control_point1
2025-11-01T09:34:43.754564 - Drawing normal control points for strand=1_2 (draw_only_setting_on=False)
2025-11-01T09:34:43.766300 - draw_control_points loop strand=1_1 moving_control_point=True moving_strand_point=False draw_only_setting_on=False should_skip=True is_affected=False moving_side=control_point1
2025-11-01T09:34:43.766300 - Skipping control point draw for strand=1_1 because should_skip=True
2025-11-01T09:34:43.766300 - draw_control_points loop strand=1_2 moving_control_point=True moving_strand_point=False draw_only_setting_on=False should_skip=False is_affected=True moving_side=control_point1
2025-11-01T09:34:43.767316 - Drawing normal control points for strand=1_2 (draw_only_setting_on=False)
2025-11-01T09:34:43.778010 - draw_control_points loop strand=1_1 moving_control_point=True moving_strand_point=False draw_only_setting_on=False should_skip=True is_affected=False moving_side=control_point1
2025-11-01T09:34:43.779013 - Skipping control point draw for strand=1_1 because should_skip=True
2025-11-01T09:34:43.779013 - draw_control_points loop strand=1_2 moving_control_point=True moving_strand_point=False draw_only_setting_on=False should_skip=False is_affected=True moving_side=control_point1
2025-11-01T09:34:43.779013 - Drawing normal control points for strand=1_2 (draw_only_setting_on=False)
2025-11-01T09:34:43.791794 - draw_control_points loop strand=1_1 moving_control_point=True moving_strand_point=False draw_only_setting_on=False should_skip=True is_affected=False moving_side=control_point1
2025-11-01T09:34:43.793259 - Skipping control point draw for strand=1_1 because should_skip=True
2025-11-01T09:34:43.793259 - draw_control_points loop strand=1_2 moving_control_point=True moving_strand_point=False draw_only_setting_on=False should_skip=False is_affected=True moving_side=control_point1
2025-11-01T09:34:43.793259 - Drawing normal control points for strand=1_2 (draw_only_setting_on=False)
2025-11-01T09:34:43.807438 - draw_control_points loop strand=1_1 moving_control_point=True moving_strand_point=False draw_only_setting_on=False should_skip=True is_affected=False moving_side=control_point1
2025-11-01T09:34:43.807438 - Skipping control point draw for strand=1_1 because should_skip=True
2025-11-01T09:34:43.807438 - draw_control_points loop strand=1_2 moving_control_point=True moving_strand_point=False draw_only_setting_on=False should_skip=False is_affected=True moving_side=control_point1
2025-11-01T09:34:43.807438 - Drawing normal control points for strand=1_2 (draw_only_setting_on=False)
2025-11-01T09:34:43.819470 - draw_control_points loop strand=1_1 moving_control_point=True moving_strand_point=False draw_only_setting_on=False should_skip=True is_affected=False moving_side=control_point1
2025-11-01T09:34:43.819470 - Skipping control point draw for strand=1_1 because should_skip=True
2025-11-01T09:34:43.819470 - draw_control_points loop strand=1_2 moving_control_point=True moving_strand_point=False draw_only_setting_on=False should_skip=False is_affected=True moving_side=control_point1
2025-11-01T09:34:43.819470 - Drawing normal control points for strand=1_2 (draw_only_setting_on=False)
2025-11-01T09:34:43.830357 - draw_control_points loop strand=1_1 moving_control_point=True moving_strand_point=False draw_only_setting_on=False should_skip=True is_affected=False moving_side=control_point1
2025-11-01T09:34:43.831829 - Skipping control point draw for strand=1_1 because should_skip=True
2025-11-01T09:34:43.831829 - draw_control_points loop strand=1_2 moving_control_point=True moving_strand_point=False draw_only_setting_on=False should_skip=False is_affected=True moving_side=control_point1
2025-11-01T09:34:43.831829 - Drawing normal control points for strand=1_2 (draw_only_setting_on=False)
2025-11-01T09:34:43.843358 - draw_control_points loop strand=1_1 moving_control_point=True moving_strand_point=False draw_only_setting_on=False should_skip=True is_affected=False moving_side=control_point1
2025-11-01T09:34:43.843358 - Skipping control point draw for strand=1_1 because should_skip=True
2025-11-01T09:34:43.843358 - draw_control_points loop strand=1_2 moving_control_point=True moving_strand_point=False draw_only_setting_on=False should_skip=False is_affected=True moving_side=control_point1
2025-11-01T09:34:43.843358 - Drawing normal control points for strand=1_2 (draw_only_setting_on=False)
2025-11-01T09:34:43.858592 - draw_control_points loop strand=1_1 moving_control_point=True moving_strand_point=False draw_only_setting_on=False should_skip=True is_affected=False moving_side=control_point1
2025-11-01T09:34:43.858592 - Skipping control point draw for strand=1_1 because should_skip=True
2025-11-01T09:34:43.858592 - draw_control_points loop strand=1_2 moving_control_point=True moving_strand_point=False draw_only_setting_on=False should_skip=False is_affected=True moving_side=control_point1
2025-11-01T09:34:43.858592 - Drawing normal control points for strand=1_2 (draw_only_setting_on=False)
2025-11-01T09:34:43.872761 - draw_control_points loop strand=1_1 moving_control_point=True moving_strand_point=False draw_only_setting_on=False should_skip=True is_affected=False moving_side=control_point1
2025-11-01T09:34:43.873808 - Skipping control point draw for strand=1_1 because should_skip=True
2025-11-01T09:34:43.873808 - draw_control_points loop strand=1_2 moving_control_point=True moving_strand_point=False draw_only_setting_on=False should_skip=False is_affected=True moving_side=control_point1
2025-11-01T09:34:43.873808 - Drawing normal control points for strand=1_2 (draw_only_setting_on=False)
2025-11-01T09:34:43.886077 - draw_control_points loop strand=1_1 moving_control_point=True moving_strand_point=False draw_only_setting_on=False should_skip=True is_affected=False moving_side=control_point1
2025-11-01T09:34:43.886077 - Skipping control point draw for strand=1_1 because should_skip=True
2025-11-01T09:34:43.887216 - draw_control_points loop strand=1_2 moving_control_point=True moving_strand_point=False draw_only_setting_on=False should_skip=False is_affected=True moving_side=control_point1
2025-11-01T09:34:43.887216 - Drawing normal control points for strand=1_2 (draw_only_setting_on=False)
2025-11-01T09:34:43.898663 - draw_control_points loop strand=1_1 moving_control_point=True moving_strand_point=False draw_only_setting_on=False should_skip=True is_affected=False moving_side=control_point1
2025-11-01T09:34:43.898663 - Skipping control point draw for strand=1_1 because should_skip=True
2025-11-01T09:34:43.898663 - draw_control_points loop strand=1_2 moving_control_point=True moving_strand_point=False draw_only_setting_on=False should_skip=False is_affected=True moving_side=control_point1
2025-11-01T09:34:43.900100 - Drawing normal control points for strand=1_2 (draw_only_setting_on=False)
2025-11-01T09:34:43.911560 - draw_control_points loop strand=1_1 moving_control_point=True moving_strand_point=False draw_only_setting_on=False should_skip=True is_affected=False moving_side=control_point1
2025-11-01T09:34:43.911560 - Skipping control point draw for strand=1_1 because should_skip=True
2025-11-01T09:34:43.911560 - draw_control_points loop strand=1_2 moving_control_point=True moving_strand_point=False draw_only_setting_on=False should_skip=False is_affected=True moving_side=control_point1
2025-11-01T09:34:43.911560 - Drawing normal control points for strand=1_2 (draw_only_setting_on=False)
2025-11-01T09:34:43.925937 - draw_control_points loop strand=1_1 moving_control_point=True moving_strand_point=False draw_only_setting_on=False should_skip=True is_affected=False moving_side=control_point1
2025-11-01T09:34:43.925937 - Skipping control point draw for strand=1_1 because should_skip=True
2025-11-01T09:34:43.926975 - draw_control_points loop strand=1_2 moving_control_point=True moving_strand_point=False draw_only_setting_on=False should_skip=False is_affected=True moving_side=control_point1
2025-11-01T09:34:43.926975 - Drawing normal control points for strand=1_2 (draw_only_setting_on=False)
2025-11-01T09:34:43.940007 - draw_control_points loop strand=1_1 moving_control_point=True moving_strand_point=False draw_only_setting_on=False should_skip=True is_affected=False moving_side=control_point1
2025-11-01T09:34:43.941358 - Skipping control point draw for strand=1_1 because should_skip=True
2025-11-01T09:34:43.941358 - draw_control_points loop strand=1_2 moving_control_point=True moving_strand_point=False draw_only_setting_on=False should_skip=False is_affected=True moving_side=control_point1
2025-11-01T09:34:43.941358 - Drawing normal control points for strand=1_2 (draw_only_setting_on=False)
2025-11-01T09:34:43.953777 - draw_control_points loop strand=1_1 moving_control_point=True moving_strand_point=False draw_only_setting_on=False should_skip=True is_affected=False moving_side=control_point1
2025-11-01T09:34:43.953777 - Skipping control point draw for strand=1_1 because should_skip=True
2025-11-01T09:34:43.953777 - draw_control_points loop strand=1_2 moving_control_point=True moving_strand_point=False draw_only_setting_on=False should_skip=False is_affected=True moving_side=control_point1
2025-11-01T09:34:43.953777 - Drawing normal control points for strand=1_2 (draw_only_setting_on=False)
2025-11-01T09:34:43.966428 - draw_control_points loop strand=1_1 moving_control_point=True moving_strand_point=False draw_only_setting_on=False should_skip=True is_affected=False moving_side=control_point1
2025-11-01T09:34:43.966428 - Skipping control point draw for strand=1_1 because should_skip=True
2025-11-01T09:34:43.967779 - draw_control_points loop strand=1_2 moving_control_point=True moving_strand_point=False draw_only_setting_on=False should_skip=False is_affected=True moving_side=control_point1
2025-11-01T09:34:43.967779 - Drawing normal control points for strand=1_2 (draw_only_setting_on=False)
2025-11-01T09:34:43.979039 - draw_control_points loop strand=1_1 moving_control_point=True moving_strand_point=False draw_only_setting_on=False should_skip=True is_affected=False moving_side=control_point1
2025-11-01T09:34:43.980048 - Skipping control point draw for strand=1_1 because should_skip=True
2025-11-01T09:34:43.980048 - draw_control_points loop strand=1_2 moving_control_point=True moving_strand_point=False draw_only_setting_on=False should_skip=False is_affected=True moving_side=control_point1
2025-11-01T09:34:43.981193 - Drawing normal control points for strand=1_2 (draw_only_setting_on=False)
2025-11-01T09:34:43.992317 - draw_control_points loop strand=1_1 moving_control_point=True moving_strand_point=False draw_only_setting_on=False should_skip=True is_affected=False moving_side=control_point1
2025-11-01T09:34:43.993396 - Skipping control point draw for strand=1_1 because should_skip=True
2025-11-01T09:34:43.993396 - draw_control_points loop strand=1_2 moving_control_point=True moving_strand_point=False draw_only_setting_on=False should_skip=False is_affected=True moving_side=control_point1
2025-11-01T09:34:43.994514 - Drawing normal control points for strand=1_2 (draw_only_setting_on=False)
2025-11-01T09:34:44.007613 - draw_control_points loop strand=1_1 moving_control_point=True moving_strand_point=False draw_only_setting_on=False should_skip=True is_affected=False moving_side=control_point1
2025-11-01T09:34:44.007613 - Skipping control point draw for strand=1_1 because should_skip=True
2025-11-01T09:34:44.007613 - draw_control_points loop strand=1_2 moving_control_point=True moving_strand_point=False draw_only_setting_on=False should_skip=False is_affected=True moving_side=control_point1
2025-11-01T09:34:44.008973 - Drawing normal control points for strand=1_2 (draw_only_setting_on=False)
2025-11-01T09:34:44.023563 - draw_control_points loop strand=1_1 moving_control_point=True moving_strand_point=False draw_only_setting_on=False should_skip=True is_affected=False moving_side=control_point1
2025-11-01T09:34:44.024571 - Skipping control point draw for strand=1_1 because should_skip=True
2025-11-01T09:34:44.024571 - draw_control_points loop strand=1_2 moving_control_point=True moving_strand_point=False draw_only_setting_on=False should_skip=False is_affected=True moving_side=control_point1
2025-11-01T09:34:44.024571 - Drawing normal control points for strand=1_2 (draw_only_setting_on=False)
2025-11-01T09:34:44.040452 - draw_control_points loop strand=1_1 moving_control_point=True moving_strand_point=False draw_only_setting_on=False should_skip=True is_affected=False moving_side=control_point1
2025-11-01T09:34:44.040452 - Skipping control point draw for strand=1_1 because should_skip=True
2025-11-01T09:34:44.041538 - draw_control_points loop strand=1_2 moving_control_point=True moving_strand_point=False draw_only_setting_on=False should_skip=False is_affected=True moving_side=control_point1
2025-11-01T09:34:44.041538 - Drawing normal control points for strand=1_2 (draw_only_setting_on=False)
2025-11-01T09:34:44.054908 - draw_control_points loop strand=1_1 moving_control_point=True moving_strand_point=False draw_only_setting_on=False should_skip=True is_affected=False moving_side=control_point1
2025-11-01T09:34:44.054908 - Skipping control point draw for strand=1_1 because should_skip=True
2025-11-01T09:34:44.055921 - draw_control_points loop strand=1_2 moving_control_point=True moving_strand_point=False draw_only_setting_on=False should_skip=False is_affected=True moving_side=control_point1
2025-11-01T09:34:44.056281 - Drawing normal control points for strand=1_2 (draw_only_setting_on=False)
2025-11-01T09:34:44.068498 - draw_control_points loop strand=1_1 moving_control_point=True moving_strand_point=False draw_only_setting_on=False should_skip=True is_affected=False moving_side=control_point1
2025-11-01T09:34:44.068498 - Skipping control point draw for strand=1_1 because should_skip=True
2025-11-01T09:34:44.069823 - draw_control_points loop strand=1_2 moving_control_point=True moving_strand_point=False draw_only_setting_on=False should_skip=False is_affected=True moving_side=control_point1
2025-11-01T09:34:44.069823 - Drawing normal control points for strand=1_2 (draw_only_setting_on=False)
2025-11-01T09:34:44.081684 - draw_control_points loop strand=1_1 moving_control_point=True moving_strand_point=False draw_only_setting_on=False should_skip=True is_affected=False moving_side=control_point1
2025-11-01T09:34:44.082723 - Skipping control point draw for strand=1_1 because should_skip=True
2025-11-01T09:34:44.082723 - draw_control_points loop strand=1_2 moving_control_point=True moving_strand_point=False draw_only_setting_on=False should_skip=False is_affected=True moving_side=control_point1
2025-11-01T09:34:44.082723 - Drawing normal control points for strand=1_2 (draw_only_setting_on=False)
2025-11-01T09:34:44.094187 - draw_control_points loop strand=1_1 moving_control_point=True moving_strand_point=False draw_only_setting_on=False should_skip=True is_affected=False moving_side=control_point1
2025-11-01T09:34:44.094187 - Skipping control point draw for strand=1_1 because should_skip=True
2025-11-01T09:34:44.094187 - draw_control_points loop strand=1_2 moving_control_point=True moving_strand_point=False draw_only_setting_on=False should_skip=False is_affected=True moving_side=control_point1
2025-11-01T09:34:44.095184 - Drawing normal control points for strand=1_2 (draw_only_setting_on=False)
2025-11-01T09:34:44.108188 - draw_control_points loop strand=1_1 moving_control_point=True moving_strand_point=False draw_only_setting_on=False should_skip=True is_affected=False moving_side=control_point1
2025-11-01T09:34:44.108188 - Skipping control point draw for strand=1_1 because should_skip=True
2025-11-01T09:34:44.108188 - draw_control_points loop strand=1_2 moving_control_point=True moving_strand_point=False draw_only_setting_on=False should_skip=False is_affected=True moving_side=control_point1
2025-11-01T09:34:44.109197 - Drawing normal control points for strand=1_2 (draw_only_setting_on=False)
2025-11-01T09:34:44.124400 - draw_control_points loop strand=1_1 moving_control_point=True moving_strand_point=False draw_only_setting_on=False should_skip=True is_affected=False moving_side=control_point1
2025-11-01T09:34:44.124400 - Skipping control point draw for strand=1_1 because should_skip=True
2025-11-01T09:34:44.124400 - draw_control_points loop strand=1_2 moving_control_point=True moving_strand_point=False draw_only_setting_on=False should_skip=False is_affected=True moving_side=control_point1
2025-11-01T09:34:44.125405 - Drawing normal control points for strand=1_2 (draw_only_setting_on=False)
2025-11-01T09:34:44.140243 - draw_control_points loop strand=1_1 moving_control_point=True moving_strand_point=False draw_only_setting_on=False should_skip=True is_affected=False moving_side=control_point1
2025-11-01T09:34:44.141309 - Skipping control point draw for strand=1_1 because should_skip=True
2025-11-01T09:34:44.141309 - draw_control_points loop strand=1_2 moving_control_point=True moving_strand_point=False draw_only_setting_on=False should_skip=False is_affected=True moving_side=control_point1
2025-11-01T09:34:44.141309 - Drawing normal control points for strand=1_2 (draw_only_setting_on=False)
2025-11-01T09:34:44.156367 - draw_control_points loop strand=1_1 moving_control_point=True moving_strand_point=False draw_only_setting_on=False should_skip=True is_affected=False moving_side=control_point1
2025-11-01T09:34:44.156367 - Skipping control point draw for strand=1_1 because should_skip=True
2025-11-01T09:34:44.157713 - draw_control_points loop strand=1_2 moving_control_point=True moving_strand_point=False draw_only_setting_on=False should_skip=False is_affected=True moving_side=control_point1
2025-11-01T09:34:44.157713 - Drawing normal control points for strand=1_2 (draw_only_setting_on=False)
2025-11-01T09:34:44.161041 - MOVE_MODE - reset_movement_state begin affected=1_2 is_moving=True is_moving_control_point=True is_moving_strand_point=False
2025-11-01T09:34:44.161766 - MOVE_MODE - reset_movement_state end flags cleared
